# JRE version: Java(TM) SE Runtime Environment (11.0.1+13) (build 11.0.1+13-LTS)
# Java VM: Java HotSpot(TM) 64-Bit Server VM (11.0.1+13-LTS, mixed mode, tiered, compressed oops, g1 gc, windows-amd64)
Heap:
 garbage-first heap   total 189440K, used 72059K [0x0000000081e00000, 0x0000000100000000)
  region size 1024K, 5 young (5120K), 5 survivors (5120K)
 Metaspace       used 77932K, capacity 78717K, committed 78928K, reserved 1120256K
  class space    used 8491K, capacity 8837K, committed 8960K, reserved 1048576K
GC Heap History (10 events):
Event: 13.707 GC heap after
{Heap after GC invocations=10 (full 0):
 garbage-first heap   total 157696K, used 46638K [0x0000000081e00000, 0x0000000100000000)
  region size 1024K, 7 young (7168K), 7 survivors (7168K)
 Metaspace       used 54783K, capacity 55397K, committed 55632K, reserved 1097728K
  class space    used 6298K, capacity 6543K, committed 6656K, reserved 1048576K
}
Event: 15.255 GC heap before
{Heap before GC invocations=10 (full 0):
 garbage-first heap   total 157696K, used 100910K [0x0000000081e00000, 0x0000000100000000)
  region size 1024K, 60 young (61440K), 7 survivors (7168K)
 Metaspace       used 57567K, capacity 58249K, committed 58448K, reserved 1101824K
  class space    used 6580K, capacity 6855K, committed 6912K, reserved 1048576K
}
Event: 15.284 GC heap after
{Heap after GC invocations=11 (full 0):
 garbage-first heap   total 157696K, used 51595K [0x0000000081e00000, 0x0000000100000000)
  region size 1024K, 5 young (5120K), 5 survivors (5120K)
 Metaspace       used 57567K, capacity 58249K, committed 58448K, reserved 1101824K
  class space    used 6580K, capacity 6855K, committed 6912K, reserved 1048576K
}
Event: 16.540 GC heap before
{Heap before GC invocations=11 (full 0):
 garbage-first heap   total 157696K, used 74123K [0x0000000081e00000, 0x0000000100000000)
  region size 1024K, 27 young (27648K), 5 survivors (5120K)
 Metaspace       used 59452K, capacity 60063K, committed 60240K, reserved 1101824K
  class space    used 6783K, capacity 7053K, committed 7168K, reserved 1048576K
}
Event: 16.560 GC heap after
{Heap after GC invocations=12 (full 0):
 garbage-first heap   total 157696K, used 56790K [0x0000000081e00000, 0x0000000100000000)
  region size 1024K, 4 young (4096K), 4 survivors (4096K)
 Metaspace       used 59452K, capacity 60063K, committed 60240K, reserved 1101824K
  class space    used 6783K, capacity 7053K, committed 7168K, reserved 1048576K
}
Event: 20.015 GC heap before
{Heap before GC invocations=13 (full 0):
 garbage-first heap   total 157696K, used 104918K [0x0000000081e00000, 0x0000000100000000)
  region size 1024K, 51 young (52224K), 4 survivors (4096K)
 Metaspace       used 64473K, capacity 65189K, committed 65488K, reserved 1107968K
  class space    used 7154K, capacity 7458K, committed 7552K, reserved 1048576K
}
Event: 20.036 GC heap after
{Heap after GC invocations=14 (full 0):
 garbage-first heap   total 157696K, used 60395K [0x0000000081e00000, 0x0000000100000000)
  region size 1024K, 7 young (7168K), 7 survivors (7168K)
 Metaspace       used 64473K, capacity 65189K, committed 65488K, reserved 1107968K
  class space    used 7154K, capacity 7458K, committed 7552K, reserved 1048576K
}
Event: 21.881 GC heap before
{Heap before GC invocations=14 (full 0):
 garbage-first heap   total 157696K, used 110571K [0x0000000081e00000, 0x0000000100000000)
  region size 1024K, 56 young (57344K), 7 survivors (7168K)
 Metaspace       used 71660K, capacity 72431K, committed 72528K, reserved 1114112K
  class space    used 7856K, capacity 8192K, committed 8192K, reserved 1048576K
}
Event: 21.913 GC heap after
{Heap after GC invocations=15 (full 0):
 garbage-first heap   total 157696K, used 67518K [0x0000000081e00000, 0x0000000100000000)
  region size 1024K, 7 young (7168K), 7 survivors (7168K)
 Metaspace       used 71660K, capacity 72431K, committed 72528K, reserved 1114112K
  class space    used 7856K, capacity 8192K, committed 8192K, reserved 1048576K
}
Event: 23.344 GC heap before
{Heap before GC invocations=15 (full 0):
 garbage-first heap   total 157696K, used 114622K [0x0000000081e00000, 0x0000000100000000)
  region size 1024K, 53 young (54272K), 7 survivors (7168K)
 Metaspace       used 77932K, capacity 78717K, committed 78928K, reserved 1120256K
  class space    used 8491K, capacity 8837K, committed 8960K, reserved 1048576K
}

