# JRE version: Java(TM) SE Runtime Environment (11.0.1+13) (build 11.0.1+13-LTS)
# Java VM: Java HotSpot(TM) 64-Bit Server VM (11.0.1+13-LTS, mixed mode, tiered, compressed oops, g1 gc, windows-amd64)
Heap:
 garbage-first heap   total 195584K, used 101885K [0x0000000080000000, 0x0000000100000000)
  region size 1024K, 5 young (5120K), 5 survivors (5120K)
 Metaspace       used 55331K, capacity 57009K, committed 57264K, reserved 1099776K
  class space    used 7255K, capacity 7887K, committed 7936K, reserved 1048576K
GC Heap History (10 events):
Event: 11.392 GC heap after
{Heap after GC invocations=15 (full 0):
 garbage-first heap   total 162816K, used 86880K [0x0000000080000000, 0x0000000100000000)
  region size 1024K, 5 young (5120K), 5 survivors (5120K)
 Metaspace       used 45218K, capacity 46510K, committed 46768K, reserved 1089536K
  class space    used 5859K, capacity 6341K, committed 6400K, reserved 1048576K
}
Event: 12.299 GC heap before
{Heap before GC invocations=16 (full 0):
 garbage-first heap   total 162816K, used 128864K [0x0000000080000000, 0x0000000100000000)
  region size 1024K, 45 young (46080K), 5 survivors (5120K)
 Metaspace       used 47824K, capacity 49149K, committed 49328K, reserved 1091584K
  class space    used 6140K, capacity 6639K, committed 6656K, reserved 1048576K
}
Event: 12.308 GC heap after
{Heap after GC invocations=17 (full 0):
 garbage-first heap   total 162816K, used 89841K [0x0000000080000000, 0x0000000100000000)
  region size 1024K, 6 young (6144K), 6 survivors (6144K)
 Metaspace       used 47824K, capacity 49149K, committed 49328K, reserved 1091584K
  class space    used 6140K, capacity 6639K, committed 6656K, reserved 1048576K
}
Event: 12.494 GC heap before
{Heap before GC invocations=17 (full 0):
 garbage-first heap   total 162816K, used 99057K [0x0000000080000000, 0x0000000100000000)
  region size 1024K, 16 young (16384K), 6 survivors (6144K)
 Metaspace       used 48529K, capacity 49906K, committed 50096K, reserved 1093632K
  class space    used 6262K, capacity 6785K, committed 6912K, reserved 1048576K
}
Event: 12.503 GC heap after
{Heap after GC invocations=18 (full 0):
 garbage-first heap   total 162816K, used 90383K [0x0000000080000000, 0x0000000100000000)
  region size 1024K, 4 young (4096K), 4 survivors (4096K)
 Metaspace       used 48529K, capacity 49906K, committed 50096K, reserved 1093632K
  class space    used 6262K, capacity 6785K, committed 6912K, reserved 1048576K
}
Event: 13.199 GC heap before
{Heap before GC invocations=19 (full 0):
 garbage-first heap   total 162816K, used 130319K [0x0000000080000000, 0x0000000100000000)
  region size 1024K, 38 young (38912K), 4 survivors (4096K)
 Metaspace       used 50857K, capacity 52476K, committed 52784K, reserved 1095680K
  class space    used 6650K, capacity 7196K, committed 7296K, reserved 1048576K
}
Event: 13.208 GC heap after
{Heap after GC invocations=20 (full 0):
 garbage-first heap   total 162816K, used 98140K [0x0000000080000000, 0x0000000100000000)
  region size 1024K, 4 young (4096K), 4 survivors (4096K)
 Metaspace       used 50857K, capacity 52476K, committed 52784K, reserved 1095680K
  class space    used 6650K, capacity 7196K, committed 7296K, reserved 1048576K
}
Event: 14.182 GC heap before
{Heap before GC invocations=20 (full 0):
 garbage-first heap   total 162816K, used 128860K [0x0000000080000000, 0x0000000100000000)
  region size 1024K, 35 young (35840K), 4 survivors (4096K)
 Metaspace       used 52327K, capacity 53937K, committed 54192K, reserved 1095680K
  class space    used 6780K, capacity 7377K, committed 7424K, reserved 1048576K
}
Event: 14.193 GC heap after
{Heap after GC invocations=21 (full 0):
 garbage-first heap   total 162816K, used 99644K [0x0000000080000000, 0x0000000100000000)
  region size 1024K, 5 young (5120K), 5 survivors (5120K)
 Metaspace       used 52327K, capacity 53937K, committed 54192K, reserved 1095680K
  class space    used 6780K, capacity 7377K, committed 7424K, reserved 1048576K
}
Event: 15.066 GC heap before
{Heap before GC invocations=22 (full 0):
 garbage-first heap   total 162816K, used 131388K [0x0000000080000000, 0x0000000100000000)
  region size 1024K, 37 young (37888K), 5 survivors (5120K)
 Metaspace       used 55331K, capacity 57009K, committed 57264K, reserved 1099776K
  class space    used 7255K, capacity 7887K, committed 7936K, reserved 1048576K
}

