# JRE version: Java(TM) SE Runtime Environment (11.0.1+13) (build 11.0.1+13-LTS)
# Java VM: Java HotSpot(TM) 64-Bit Server VM (11.0.1+13-LTS, mixed mode, tiered, compressed oops, g1 gc, windows-amd64)
Heap:
 garbage-first heap   total 227328K, used 151968K [0x0000000080000000, 0x0000000100000000)
  region size 1024K, 23 young (23552K), 2 survivors (2048K)
 Metaspace       used 78162K, capacity 80464K, committed 80560K, reserved 1118208K
  class space    used 10078K, capacity 10920K, committed 11008K, reserved 1048576K
GC Heap History (10 events):
Event: 19.946 GC heap before
{Heap before GC invocations=34 (full 0):
 garbage-first heap   total 189440K, used 160212K [0x0000000080000000, 0x0000000100000000)
  region size 1024K, 34 young (34816K), 4 survivors (4096K)
 Metaspace       used 70256K, capacity 72216K, committed 72496K, reserved 1112064K
  class space    used 9065K, capacity 9815K, committed 9856K, reserved 1048576K
}
Event: 19.955 GC heap after
{Heap after GC invocations=35 (full 0):
 garbage-first heap   total 189440K, used 124711K [0x0000000080000000, 0x0000000100000000)
  region size 1024K, 5 young (5120K), 5 survivors (5120K)
 Metaspace       used 70256K, capacity 72216K, committed 72496K, reserved 1112064K
  class space    used 9065K, capacity 9815K, committed 9856K, reserved 1048576K
}
Event: 20.576 GC heap before
{Heap before GC invocations=35 (full 0):
 garbage-first heap   total 189440K, used 155431K [0x0000000080000000, 0x0000000100000000)
  region size 1024K, 35 young (35840K), 5 survivors (5120K)
 Metaspace       used 72417K, capacity 74525K, committed 74800K, reserved 1114112K
  class space    used 9354K, capacity 10086K, committed 10112K, reserved 1048576K
}
Event: 20.586 GC heap after
{Heap after GC invocations=36 (full 0):
 garbage-first heap   total 189440K, used 126718K [0x0000000080000000, 0x0000000100000000)
  region size 1024K, 3 young (3072K), 3 survivors (3072K)
 Metaspace       used 72417K, capacity 74525K, committed 74800K, reserved 1114112K
  class space    used 9354K, capacity 10086K, committed 10112K, reserved 1048576K
}
Event: 21.475 GC heap before
{Heap before GC invocations=37 (full 0):
 garbage-first heap   total 189440K, used 157438K [0x0000000080000000, 0x0000000100000000)
  region size 1024K, 33 young (33792K), 3 survivors (3072K)
 Metaspace       used 75269K, capacity 77328K, committed 77616K, reserved 1116160K
  class space    used 9728K, capacity 10503K, committed 10624K, reserved 1048576K
}
Event: 21.482 GC heap after
{Heap after GC invocations=38 (full 0):
 garbage-first heap   total 189440K, used 127452K [0x0000000080000000, 0x0000000100000000)
  region size 1024K, 3 young (3072K), 3 survivors (3072K)
 Metaspace       used 75269K, capacity 77328K, committed 77616K, reserved 1116160K
  class space    used 9728K, capacity 10503K, committed 10624K, reserved 1048576K
}
Event: 21.941 GC heap before
{Heap before GC invocations=38 (full 0):
 garbage-first heap   total 189440K, used 159196K [0x0000000080000000, 0x0000000100000000)
  region size 1024K, 34 young (34816K), 3 survivors (3072K)
 Metaspace       used 76512K, capacity 78565K, committed 78768K, reserved 1118208K
  class space    used 9871K, capacity 10650K, committed 10752K, reserved 1048576K
}
Event: 21.951 GC heap after
{Heap after GC invocations=39 (full 0):
 garbage-first heap   total 189440K, used 130343K [0x0000000080000000, 0x0000000100000000)
  region size 1024K, 4 young (4096K), 4 survivors (4096K)
 Metaspace       used 76512K, capacity 78565K, committed 78768K, reserved 1118208K
  class space    used 9871K, capacity 10650K, committed 10752K, reserved 1048576K
}
Event: 22.408 GC heap before
{Heap before GC invocations=40 (full 0):
 garbage-first heap   total 189440K, used 160039K [0x0000000080000000, 0x0000000100000000)
  region size 1024K, 33 young (33792K), 4 survivors (4096K)
 Metaspace       used 76735K, capacity 78928K, committed 79024K, reserved 1118208K
  class space    used 9902K, capacity 10728K, committed 10752K, reserved 1048576K
}
Event: 22.418 GC heap after
{Heap after GC invocations=41 (full 0):
 garbage-first heap   total 227328K, used 131488K [0x0000000080000000, 0x0000000100000000)
  region size 1024K, 2 young (2048K), 2 survivors (2048K)
 Metaspace       used 76735K, capacity 78928K, committed 79024K, reserved 1118208K
  class space    used 9902K, capacity 10728K, committed 10752K, reserved 1048576K
}

