# JRE version: Java(TM) SE Runtime Environment (11.0.1+13) (build 11.0.1+13-LTS)
# Java VM: Java HotSpot(TM) 64-Bit Server VM (11.0.1+13-LTS, mixed mode, tiered, compressed oops, g1 gc, windows-amd64)
Heap:
 garbage-first heap   total 509952K, used 256512K [0x0000000080000000, 0x0000000100000000)
  region size 1024K, 4 young (4096K), 4 survivors (4096K)
 Metaspace       used 131840K, capacity 135671K, committed 135720K, reserved 1167360K
  class space    used 16647K, capacity 18039K, committed 18048K, reserved 1048576K
GC Heap History (10 events):
Event: 381.483 GC heap after
{Heap after GC invocations=101 (full 0):
 garbage-first heap   total 334848K, used 264506K [0x0000000080000000, 0x0000000100000000)
  region size 1024K, 3 young (3072K), 3 survivors (3072K)
 Metaspace       used 130959K, capacity 134725K, committed 134824K, reserved 1167360K
  class space    used 16548K, capacity 17908K, committed 17920K, reserved 1048576K
}
Event: 382.412 GC heap before
{Heap before GC invocations=101 (full 0):
 garbage-first heap   total 334848K, used 281914K [0x0000000080000000, 0x0000000100000000)
  region size 1024K, 20 young (20480K), 3 survivors (3072K)
 Metaspace       used 131118K, capacity 134887K, committed 135208K, reserved 1167360K
  class space    used 16572K, capacity 17936K, committed 18048K, reserved 1048576K
}
Event: 382.428 GC heap after
{Heap after GC invocations=102 (full 0):
 garbage-first heap   total 334848K, used 266429K [0x0000000080000000, 0x0000000100000000)
  region size 1024K, 3 young (3072K), 3 survivors (3072K)
 Metaspace       used 131118K, capacity 134887K, committed 135208K, reserved 1167360K
  class space    used 16572K, capacity 17936K, committed 18048K, reserved 1048576K
}
Event: 383.162 GC heap before
{Heap before GC invocations=102 (full 0):
 garbage-first heap   total 334848K, used 268477K [0x0000000080000000, 0x0000000100000000)
  region size 1024K, 20 young (20480K), 3 survivors (3072K)
 Metaspace       used 131467K, capacity 135262K, committed 135464K, reserved 1167360K
  class space    used 16613K, capacity 17995K, committed 18048K, reserved 1048576K
}
Event: 383.174 GC heap after
{Heap after GC invocations=103 (full 0):
 garbage-first heap   total 334848K, used 254773K [0x0000000080000000, 0x0000000100000000)
  region size 1024K, 3 young (3072K), 3 survivors (3072K)
 Metaspace       used 131467K, capacity 135262K, committed 135464K, reserved 1167360K
  class space    used 16613K, capacity 17995K, committed 18048K, reserved 1048576K
}
Event: 383.473 GC heap before
{Heap before GC invocations=104 (full 0):
 garbage-first heap   total 334848K, used 276277K [0x0000000080000000, 0x0000000100000000)
  region size 1024K, 24 young (24576K), 3 survivors (3072K)
 Metaspace       used 131775K, capacity 135606K, committed 135720K, reserved 1167360K
  class space    used 16644K, capacity 18039K, committed 18048K, reserved 1048576K
}
Event: 383.508 GC heap after
{Heap after GC invocations=105 (full 0):
 garbage-first heap   total 334848K, used 255600K [0x0000000080000000, 0x0000000100000000)
  region size 1024K, 1 young (1024K), 1 survivors (1024K)
 Metaspace       used 131775K, capacity 135606K, committed 135720K, reserved 1167360K
  class space    used 16644K, capacity 18039K, committed 18048K, reserved 1048576K
}
Event: 384.088 GC heap before
{Heap before GC invocations=105 (full 0):
 garbage-first heap   total 334848K, used 273008K [0x0000000080000000, 0x0000000100000000)
  region size 1024K, 16 young (16384K), 1 survivors (1024K)
 Metaspace       used 131800K, capacity 135607K, committed 135720K, reserved 1167360K
  class space    used 16644K, capacity 18039K, committed 18048K, reserved 1048576K
}
Event: 384.174 GC heap after
{Heap after GC invocations=106 (full 0):
 garbage-first heap   total 334848K, used 247110K [0x0000000080000000, 0x0000000100000000)
  region size 1024K, 2 young (2048K), 2 survivors (2048K)
 Metaspace       used 131800K, capacity 135607K, committed 135720K, reserved 1167360K
  class space    used 16644K, capacity 18039K, committed 18048K, reserved 1048576K
}
Event: 384.687 GC heap before
{Heap before GC invocations=106 (full 0):
 garbage-first heap   total 334848K, used 277830K [0x0000000080000000, 0x0000000100000000)
  region size 1024K, 28 young (28672K), 2 survivors (2048K)
 Metaspace       used 131840K, capacity 135671K, committed 135720K, reserved 1167360K
  class space    used 16647K, capacity 18039K, committed 18048K, reserved 1048576K
}

