# JRE version: Java(TM) SE Runtime Environment (11.0.1+13) (build 11.0.1+13-LTS)
# Java VM: Java HotSpot(TM) 64-Bit Server VM (11.0.1+13-LTS, mixed mode, tiered, compressed oops, g1 gc, windows-amd64)
Heap:
 garbage-first heap   total 189440K, used 109568K [0x0000000080000000, 0x0000000100000000)
  region size 1024K, 2 young (2048K), 2 survivors (2048K)
 Metaspace       used 94491K, capacity 97001K, committed 97304K, reserved 1132544K
  class space    used 12304K, capacity 13237K, committed 13336K, reserved 1048576K
GC Heap History (10 events):
Event: 54.188 GC heap after
{Heap after GC invocations=40 (full 0):
 garbage-first heap   total 157696K, used 101957K [0x0000000080000000, 0x0000000100000000)
  region size 1024K, 4 young (4096K), 4 survivors (4096K)
 Metaspace       used 91834K, capacity 94280K, committed 94360K, reserved 1130496K
  class space    used 11966K, capacity 12900K, committed 12952K, reserved 1048576K
}
Event: 55.657 GC heap before
{Heap before GC invocations=41 (full 0):
 garbage-first heap   total 157696K, used 129605K [0x0000000080000000, 0x0000000100000000)
  region size 1024K, 32 young (32768K), 4 survivors (4096K)
 Metaspace       used 91996K, capacity 94578K, committed 94872K, reserved 1130496K
  class space    used 11969K, capacity 12902K, committed 12952K, reserved 1048576K
}
Event: 55.668 GC heap after
{Heap after GC invocations=42 (full 0):
 garbage-first heap   total 157696K, used 103911K [0x0000000080000000, 0x0000000100000000)
  region size 1024K, 2 young (2048K), 2 survivors (2048K)
 Metaspace       used 91996K, capacity 94578K, committed 94872K, reserved 1130496K
  class space    used 11969K, capacity 12902K, committed 12952K, reserved 1048576K
}
Event: 56.482 GC heap before
{Heap before GC invocations=42 (full 0):
 garbage-first heap   total 157696K, used 130535K [0x0000000080000000, 0x0000000100000000)
  region size 1024K, 29 young (29696K), 2 survivors (2048K)
 Metaspace       used 92186K, capacity 94720K, committed 94872K, reserved 1130496K
  class space    used 11980K, capacity 12918K, committed 12952K, reserved 1048576K
}
Event: 56.490 GC heap after
{Heap after GC invocations=43 (full 0):
 garbage-first heap   total 157696K, used 105505K [0x0000000080000000, 0x0000000100000000)
  region size 1024K, 4 young (4096K), 4 survivors (4096K)
 Metaspace       used 92186K, capacity 94720K, committed 94872K, reserved 1130496K
  class space    used 11980K, capacity 12918K, committed 12952K, reserved 1048576K
}
Event: 57.445 GC heap before
{Heap before GC invocations=44 (full 0):
 garbage-first heap   total 157696K, used 132129K [0x0000000080000000, 0x0000000100000000)
  region size 1024K, 31 young (31744K), 4 survivors (4096K)
 Metaspace       used 92266K, capacity 94736K, committed 94872K, reserved 1130496K
  class space    used 11981K, capacity 12912K, committed 12952K, reserved 1048576K
}
Event: 57.457 GC heap after
{Heap after GC invocations=45 (full 0):
 garbage-first heap   total 157696K, used 107614K [0x0000000080000000, 0x0000000100000000)
  region size 1024K, 4 young (4096K), 4 survivors (4096K)
 Metaspace       used 92266K, capacity 94736K, committed 94872K, reserved 1130496K
  class space    used 11981K, capacity 12912K, committed 12952K, reserved 1048576K
}
Event: 59.001 GC heap before
{Heap before GC invocations=45 (full 0):
 garbage-first heap   total 157696K, used 133214K [0x0000000080000000, 0x0000000100000000)
  region size 1024K, 30 young (30720K), 4 survivors (4096K)
 Metaspace       used 92705K, capacity 95238K, committed 95512K, reserved 1132544K
  class space    used 12050K, capacity 13012K, committed 13080K, reserved 1048576K
}
Event: 59.024 GC heap after
{Heap after GC invocations=46 (full 0):
 garbage-first heap   total 157696K, used 108895K [0x0000000080000000, 0x0000000100000000)
  region size 1024K, 4 young (4096K), 4 survivors (4096K)
 Metaspace       used 92705K, capacity 95238K, committed 95512K, reserved 1132544K
  class space    used 12050K, capacity 13012K, committed 13080K, reserved 1048576K
}
Event: 59.758 GC heap before
{Heap before GC invocations=47 (full 0):
 garbage-first heap   total 157696K, used 133471K [0x0000000080000000, 0x0000000100000000)
  region size 1024K, 29 young (29696K), 4 survivors (4096K)
 Metaspace       used 94491K, capacity 97001K, committed 97304K, reserved 1132544K
  class space    used 12304K, capacity 13237K, committed 13336K, reserved 1048576K
}

