# JRE version: Java(TM) SE Runtime Environment (11.0.1+13) (build 11.0.1+13-LTS)
# Java VM: Java HotSpot(TM) 64-Bit Server VM (11.0.1+13-LTS, mixed mode, tiered, compressed oops, g1 gc, windows-amd64)
Heap:
 garbage-first heap   total 131072K, used 45351K [0x0000000080000000, 0x0000000100000000)
  region size 1024K, 23 young (23552K), 5 survivors (5120K)
 Metaspace       used 27463K, capacity 28281K, committed 28464K, reserved 1073152K
  class space    used 3639K, capacity 3965K, committed 3968K, reserved 1048576K
GC Heap History (10 events):
Event: 1.208 GC heap before
{Heap before GC invocations=0 (full 0):
 garbage-first heap   total 131072K, used 16384K [0x0000000080000000, 0x0000000100000000)
  region size 1024K, 14 young (14336K), 0 survivors (0K)
 Metaspace       used 6666K, capacity 6861K, committed 7168K, reserved 1056768K
  class space    used 579K, capacity 650K, committed 768K, reserved 1048576K
}
Event: 1.236 GC heap after
{Heap after GC invocations=1 (full 0):
 garbage-first heap   total 131072K, used 3827K [0x0000000080000000, 0x0000000100000000)
  region size 1024K, 2 young (2048K), 2 survivors (2048K)
 Metaspace       used 6666K, capacity 6861K, committed 7168K, reserved 1056768K
  class space    used 579K, capacity 650K, committed 768K, reserved 1048576K
}
Event: 3.394 GC heap before
{Heap before GC invocations=1 (full 0):
 garbage-first heap   total 131072K, used 73459K [0x0000000080000000, 0x0000000100000000)
  region size 1024K, 67 young (68608K), 2 survivors (2048K)
 Metaspace       used 12329K, capacity 12628K, committed 12800K, reserved 1060864K
  class space    used 1358K, capacity 1448K, committed 1536K, reserved 1048576K
}
Event: 3.405 GC heap after
{Heap after GC invocations=2 (full 0):
 garbage-first heap   total 131072K, used 14776K [0x0000000080000000, 0x0000000100000000)
  region size 1024K, 9 young (9216K), 9 survivors (9216K)
 Metaspace       used 12329K, capacity 12628K, committed 12800K, reserved 1060864K
  class space    used 1358K, capacity 1448K, committed 1536K, reserved 1048576K
}
Event: 5.043 GC heap before
{Heap before GC invocations=2 (full 0):
 garbage-first heap   total 131072K, used 37304K [0x0000000080000000, 0x0000000100000000)
  region size 1024K, 31 young (31744K), 9 survivors (9216K)
 Metaspace       used 18128K, capacity 18561K, committed 18688K, reserved 1064960K
  class space    used 2145K, capacity 2290K, committed 2304K, reserved 1048576K
}
Event: 5.056 GC heap after
{Heap after GC invocations=3 (full 0):
 garbage-first heap   total 131072K, used 16400K [0x0000000080000000, 0x0000000100000000)
  region size 1024K, 2 young (2048K), 2 survivors (2048K)
 Metaspace       used 18128K, capacity 18561K, committed 18688K, reserved 1064960K
  class space    used 2145K, capacity 2290K, committed 2304K, reserved 1048576K
}
Event: 5.455 GC heap before
{Heap before GC invocations=3 (full 0):
 garbage-first heap   total 131072K, used 36880K [0x0000000080000000, 0x0000000100000000)
  region size 1024K, 23 young (23552K), 2 survivors (2048K)
 Metaspace       used 20736K, capacity 21215K, committed 21296K, reserved 1069056K
  class space    used 2539K, capacity 2665K, committed 2688K, reserved 1048576K
}
Event: 5.461 GC heap after
{Heap after GC invocations=4 (full 0):
 garbage-first heap   total 131072K, used 17057K [0x0000000080000000, 0x0000000100000000)
  region size 1024K, 3 young (3072K), 3 survivors (3072K)
 Metaspace       used 20736K, capacity 21215K, committed 21296K, reserved 1069056K
  class space    used 2539K, capacity 2665K, committed 2688K, reserved 1048576K
}
Event: 6.527 GC heap before
{Heap before GC invocations=5 (full 0):
 garbage-first heap   total 131072K, used 63137K [0x0000000080000000, 0x0000000100000000)
  region size 1024K, 48 young (49152K), 3 survivors (3072K)
 Metaspace       used 25360K, capacity 25981K, committed 26288K, reserved 1073152K
  class space    used 3304K, capacity 3495K, committed 3584K, reserved 1048576K
}
Event: 6.535 GC heap after
{Heap after GC invocations=6 (full 0):
 garbage-first heap   total 131072K, used 18727K [0x0000000080000000, 0x0000000100000000)
  region size 1024K, 5 young (5120K), 5 survivors (5120K)
 Metaspace       used 25360K, capacity 25981K, committed 26288K, reserved 1073152K
  class space    used 3304K, capacity 3495K, committed 3584K, reserved 1048576K
}

