# JRE version: Java(TM) SE Runtime Environment (11.0.1+13) (build 11.0.1+13-LTS)
# Java VM: Java HotSpot(TM) 64-Bit Server VM (11.0.1+13-LTS, mixed mode, tiered, compressed oops, g1 gc, windows-amd64)
Heap:
 garbage-first heap   total 453632K, used 376256K [0x0000000080000000, 0x0000000100000000)
  region size 1024K, 141 young (144384K), 3 survivors (3072K)
 Metaspace       used 149464K, capacity 153496K, committed 153724K, reserved 1183744K
  class space    used 18675K, capacity 20203K, committed 20224K, reserved 1048576K
GC Heap History (10 events):
Event: 4835.883 GC heap before
{Heap before GC invocations=182 (full 0):
 garbage-first heap   total 453632K, used 268574K [0x0000000080000000, 0x0000000100000000)
  region size 1024K, 22 young (22528K), 3 survivors (3072K)
 Metaspace       used 149234K, capacity 153186K, committed 153468K, reserved 1183744K
  class space    used 18664K, capacity 20190K, committed 20224K, reserved 1048576K
}
Event: 4835.898 GC heap after
{Heap after GC invocations=183 (full 0):
 garbage-first heap   total 453632K, used 245802K [0x0000000080000000, 0x0000000100000000)
  region size 1024K, 2 young (2048K), 2 survivors (2048K)
 Metaspace       used 149234K, capacity 153186K, committed 153468K, reserved 1183744K
  class space    used 18664K, capacity 20190K, committed 20224K, reserved 1048576K
}
Event: 4836.801 GC heap before
{Heap before GC invocations=183 (full 0):
 garbage-first heap   total 453632K, used 396330K [0x0000000080000000, 0x0000000100000000)
  region size 1024K, 149 young (152576K), 2 survivors (2048K)
 Metaspace       used 149240K, capacity 153187K, committed 153468K, reserved 1183744K
  class space    used 18664K, capacity 20190K, committed 20224K, reserved 1048576K
}
Event: 4836.810 GC heap after
{Heap after GC invocations=184 (full 0):
 garbage-first heap   total 453632K, used 246522K [0x0000000080000000, 0x0000000100000000)
  region size 1024K, 3 young (3072K), 3 survivors (3072K)
 Metaspace       used 149240K, capacity 153187K, committed 153468K, reserved 1183744K
  class space    used 18664K, capacity 20190K, committed 20224K, reserved 1048576K
}
Event: 4838.230 GC heap before
{Heap before GC invocations=185 (full 0):
 garbage-first heap   total 453632K, used 397050K [0x0000000080000000, 0x0000000100000000)
  region size 1024K, 150 young (153600K), 3 survivors (3072K)
 Metaspace       used 149276K, capacity 153256K, committed 153468K, reserved 1183744K
  class space    used 18665K, capacity 20191K, committed 20224K, reserved 1048576K
}
Event: 4838.243 GC heap after
{Heap after GC invocations=186 (full 0):
 garbage-first heap   total 453632K, used 250573K [0x0000000080000000, 0x0000000100000000)
  region size 1024K, 7 young (7168K), 7 survivors (7168K)
 Metaspace       used 149276K, capacity 153256K, committed 153468K, reserved 1183744K
  class space    used 18665K, capacity 20191K, committed 20224K, reserved 1048576K
}
Event: 4838.318 GC heap before
{Heap before GC invocations=186 (full 0):
 garbage-first heap   total 453632K, used 264909K [0x0000000080000000, 0x0000000100000000)
  region size 1024K, 22 young (22528K), 7 survivors (7168K)
 Metaspace       used 149276K, capacity 153256K, committed 153468K, reserved 1183744K
  class space    used 18665K, capacity 20191K, committed 20224K, reserved 1048576K
}
Event: 4838.333 GC heap after
{Heap after GC invocations=187 (full 0):
 garbage-first heap   total 453632K, used 247283K [0x0000000080000000, 0x0000000100000000)
  region size 1024K, 2 young (2048K), 2 survivors (2048K)
 Metaspace       used 149276K, capacity 153256K, committed 153468K, reserved 1183744K
  class space    used 18665K, capacity 20191K, committed 20224K, reserved 1048576K
}
Event: 4839.098 GC heap before
{Heap before GC invocations=187 (full 0):
 garbage-first heap   total 453632K, used 395763K [0x0000000080000000, 0x0000000100000000)
  region size 1024K, 147 young (150528K), 2 survivors (2048K)
 Metaspace       used 149285K, capacity 153257K, committed 153468K, reserved 1183744K
  class space    used 18665K, capacity 20191K, committed 20224K, reserved 1048576K
}
Event: 4839.158 GC heap after
{Heap after GC invocations=188 (full 0):
 garbage-first heap   total 453632K, used 253890K [0x0000000080000000, 0x0000000100000000)
  region size 1024K, 9 young (9216K), 9 survivors (9216K)
 Metaspace       used 149285K, capacity 153257K, committed 153468K, reserved 1183744K
  class space    used 18665K, capacity 20191K, committed 20224K, reserved 1048576K
}

