# JRE version: Java(TM) SE Runtime Environment (11.0.1+13) (build 11.0.1+13-LTS)
# Java VM: Java HotSpot(TM) 64-Bit Server VM (11.0.1+13-LTS, mixed mode, tiered, compressed oops, g1 gc, windows-amd64)
Heap:
 garbage-first heap   total 157696K, used 28847K [0x0000000080000000, 0x0000000100000000)
  region size 1024K, 7 young (7168K), 7 survivors (7168K)
 Metaspace       used 40587K, capacity 41656K, committed 41728K, reserved 1085440K
  class space    used 5195K, capacity 5581K, committed 5632K, reserved 1048576K
GC Heap History (10 events):
Event: 7.227 GC heap after
{Heap after GC invocations=4 (full 0):
 garbage-first heap   total 131072K, used 17331K [0x0000000080000000, 0x0000000100000000)
  region size 1024K, 7 young (7168K), 7 survivors (7168K)
 Metaspace       used 18506K, capacity 18922K, committed 19072K, reserved 1067008K
  class space    used 2203K, capacity 2316K, committed 2432K, reserved 1048576K
}
Event: 8.106 GC heap before
{Heap before GC invocations=4 (full 0):
 garbage-first heap   total 131072K, used 38835K [0x0000000080000000, 0x0000000100000000)
  region size 1024K, 29 young (29696K), 7 survivors (7168K)
 Metaspace       used 20742K, capacity 21148K, committed 21248K, reserved 1067008K
  class space    used 2545K, capacity 2716K, committed 2816K, reserved 1048576K
}
Event: 8.121 GC heap after
{Heap after GC invocations=5 (full 0):
 garbage-first heap   total 131072K, used 18197K [0x0000000080000000, 0x0000000100000000)
  region size 1024K, 1 young (1024K), 1 survivors (1024K)
 Metaspace       used 20742K, capacity 21148K, committed 21248K, reserved 1067008K
  class space    used 2545K, capacity 2716K, committed 2816K, reserved 1048576K
}
Event: 10.350 GC heap before
{Heap before GC invocations=6 (full 0):
 garbage-first heap   total 131072K, used 68373K [0x0000000080000000, 0x0000000100000000)
  region size 1024K, 50 young (51200K), 1 survivors (1024K)
 Metaspace       used 26041K, capacity 26720K, committed 27008K, reserved 1073152K
  class space    used 3418K, capacity 3646K, committed 3712K, reserved 1048576K
}
Event: 10.356 GC heap after
{Heap after GC invocations=7 (full 0):
 garbage-first heap   total 131072K, used 19886K [0x0000000080000000, 0x0000000100000000)
  region size 1024K, 3 young (3072K), 3 survivors (3072K)
 Metaspace       used 26041K, capacity 26720K, committed 27008K, reserved 1073152K
  class space    used 3418K, capacity 3646K, committed 3712K, reserved 1048576K
}
Event: 11.694 GC heap before
{Heap before GC invocations=7 (full 0):
 garbage-first heap   total 131072K, used 73134K [0x0000000080000000, 0x0000000100000000)
  region size 1024K, 55 young (56320K), 3 survivors (3072K)
 Metaspace       used 30822K, capacity 31580K, committed 31872K, reserved 1077248K
  class space    used 4168K, capacity 4421K, committed 4480K, reserved 1048576K
}
Event: 11.703 GC heap after
{Heap after GC invocations=8 (full 0):
 garbage-first heap   total 131072K, used 21290K [0x0000000080000000, 0x0000000100000000)
  region size 1024K, 4 young (4096K), 4 survivors (4096K)
 Metaspace       used 30822K, capacity 31580K, committed 31872K, reserved 1077248K
  class space    used 4168K, capacity 4421K, committed 4480K, reserved 1048576K
}
Event: 13.952 GC heap before
{Heap before GC invocations=8 (full 0):
 garbage-first heap   total 131072K, used 39722K [0x0000000080000000, 0x0000000100000000)
  region size 1024K, 23 young (23552K), 4 survivors (4096K)
 Metaspace       used 34936K, capacity 35783K, committed 35840K, reserved 1081344K
  class space    used 4612K, capacity 4952K, committed 4992K, reserved 1048576K
}
Event: 13.971 GC heap after
{Heap after GC invocations=9 (full 0):
 garbage-first heap   total 131072K, used 23355K [0x0000000080000000, 0x0000000100000000)
  region size 1024K, 6 young (6144K), 6 survivors (6144K)
 Metaspace       used 34936K, capacity 35783K, committed 35840K, reserved 1081344K
  class space    used 4612K, capacity 4952K, committed 4992K, reserved 1048576K
}
Event: 15.707 GC heap before
{Heap before GC invocations=10 (full 0):
 garbage-first heap   total 131072K, used 75579K [0x0000000080000000, 0x0000000100000000)
  region size 1024K, 55 young (56320K), 6 survivors (6144K)
 Metaspace       used 40587K, capacity 41656K, committed 41728K, reserved 1085440K
  class space    used 5195K, capacity 5581K, committed 5632K, reserved 1048576K
}

