# JRE version: Java(TM) SE Runtime Environment (11.0.1+13) (build 11.0.1+13-LTS)
# Java VM: Java HotSpot(TM) 64-Bit Server VM (11.0.1+13-LTS, mixed mode, tiered, compressed oops, g1 gc, windows-amd64)
Heap:
 garbage-first heap   total 189440K, used 149772K [0x0000000080000000, 0x0000000100000000)
  region size 1024K, 20 young (20480K), 1 survivors (1024K)
 Metaspace       used 127775K, capacity 131629K, committed 131660K, reserved 1163264K
  class space    used 16759K, capacity 18224K, committed 18252K, reserved 1048576K
GC Heap History (10 events):
Event: 91.164 GC heap before
{Heap before GC invocations=69 (full 0):
 garbage-first heap   total 157696K, used 136602K [0x0000000080000000, 0x0000000100000000)
  region size 1024K, 10 young (10240K), 2 survivors (2048K)
 Metaspace       used 121365K, capacity 125043K, committed 125260K, reserved 1157120K
  class space    used 16084K, capacity 17470K, committed 17484K, reserved 1048576K
}
Event: 91.173 GC heap after
{Heap after GC invocations=70 (full 0):
 garbage-first heap   total 157696K, used 129740K [0x0000000080000000, 0x0000000100000000)
  region size 1024K, 2 young (2048K), 2 survivors (2048K)
 Metaspace       used 121365K, capacity 125043K, committed 125260K, reserved 1157120K
  class space    used 16084K, capacity 17470K, committed 17484K, reserved 1048576K
}
Event: 91.893 GC heap before
{Heap before GC invocations=71 (full 0):
 garbage-first heap   total 157696K, used 137932K [0x0000000080000000, 0x0000000100000000)
  region size 1024K, 10 young (10240K), 2 survivors (2048K)
 Metaspace       used 122037K, capacity 125663K, committed 125900K, reserved 1157120K
  class space    used 16177K, capacity 17585K, committed 17612K, reserved 1048576K
}
Event: 91.900 GC heap after
{Heap after GC invocations=72 (full 0):
 garbage-first heap   total 157696K, used 130484K [0x0000000080000000, 0x0000000100000000)
  region size 1024K, 2 young (2048K), 2 survivors (2048K)
 Metaspace       used 122037K, capacity 125663K, committed 125900K, reserved 1157120K
  class space    used 16177K, capacity 17585K, committed 17612K, reserved 1048576K
}
Event: 92.298 GC heap before
{Heap before GC invocations=72 (full 0):
 garbage-first heap   total 157696K, used 137652K [0x0000000080000000, 0x0000000100000000)
  region size 1024K, 10 young (10240K), 2 survivors (2048K)
 Metaspace       used 122599K, capacity 126352K, committed 126540K, reserved 1159168K
  class space    used 16237K, capacity 17675K, committed 17740K, reserved 1048576K
}
Event: 92.306 GC heap after
{Heap after GC invocations=73 (full 0):
 garbage-first heap   total 189440K, used 131714K [0x0000000080000000, 0x0000000100000000)
  region size 1024K, 2 young (2048K), 2 survivors (2048K)
 Metaspace       used 122599K, capacity 126352K, committed 126540K, reserved 1159168K
  class space    used 16237K, capacity 17675K, committed 17740K, reserved 1048576K
}
Event: 93.412 GC heap before
{Heap before GC invocations=74 (full 0):
 garbage-first heap   total 189440K, used 139906K [0x0000000080000000, 0x0000000100000000)
  region size 1024K, 12 young (12288K), 2 survivors (2048K)
 Metaspace       used 123385K, capacity 127185K, committed 127436K, reserved 1159168K
  class space    used 16357K, capacity 17807K, committed 17868K, reserved 1048576K
}
Event: 93.421 GC heap after
{Heap after GC invocations=75 (full 0):
 garbage-first heap   total 189440K, used 132207K [0x0000000080000000, 0x0000000100000000)
  region size 1024K, 2 young (2048K), 2 survivors (2048K)
 Metaspace       used 123385K, capacity 127185K, committed 127436K, reserved 1159168K
  class space    used 16357K, capacity 17807K, committed 17868K, reserved 1048576K
}
Event: 96.263 GC heap before
{Heap before GC invocations=76 (full 0):
 garbage-first heap   total 189440K, used 167023K [0x0000000080000000, 0x0000000100000000)
  region size 1024K, 23 young (23552K), 2 survivors (2048K)
 Metaspace       used 126545K, capacity 130387K, committed 130636K, reserved 1161216K
  class space    used 16686K, capacity 18146K, committed 18252K, reserved 1048576K
}
Event: 96.270 GC heap after
{Heap after GC invocations=77 (full 0):
 garbage-first heap   total 189440K, used 132364K [0x0000000080000000, 0x0000000100000000)
  region size 1024K, 1 young (1024K), 1 survivors (1024K)
 Metaspace       used 126545K, capacity 130387K, committed 130636K, reserved 1161216K
  class space    used 16686K, capacity 18146K, committed 18252K, reserved 1048576K
}

